2019-09-06 05:39:26,928 INFO org.springframework.boot.StartupInfoLogger [main] Starting MainappApplication on DESKTOP-OBC9S1R with PID 4540 (E:\Documents\IdeaProjects\mainapp\target\classes started by shpak in E:\Documents\IdeaProjects\mainapp)
2019-09-06 05:39:26,934 INFO org.springframework.boot.SpringApplication [main] No active profile set, falling back to default profiles: default
2019-09-06 05:39:29,010 INFO org.springframework.boot.web.embedded.tomcat.TomcatWebServer [main] Tomcat initialized with port(s): 8080 (http)
2019-09-06 05:39:29,086 INFO org.apache.juli.logging.DirectJDKLog [main] Initializing ProtocolHandler ["http-nio-8080"]
2019-09-06 05:39:29,104 INFO org.apache.juli.logging.DirectJDKLog [main] Starting service [Tomcat]
2019-09-06 05:39:29,105 INFO org.apache.juli.logging.DirectJDKLog [main] Starting Servlet engine: [Apache Tomcat/9.0.22]
2019-09-06 05:39:29,150 INFO org.apache.juli.logging.DirectJDKLog [main] An older version [1.2.21] of the APR based Apache Tomcat Native library is installed, while Tomcat recommends a minimum version of [1.2.23]
2019-09-06 05:39:29,151 INFO org.apache.juli.logging.DirectJDKLog [main] Loaded APR based Apache Tomcat Native library [1.2.21] using APR version [1.6.5].
2019-09-06 05:39:29,151 INFO org.apache.juli.logging.DirectJDKLog [main] APR capabilities: IPv6 [true], sendfile [true], accept filters [false], random [true].
2019-09-06 05:39:29,151 INFO org.apache.juli.logging.DirectJDKLog [main] APR/OpenSSL configuration: useAprConnector [false], useOpenSSL [true]
2019-09-06 05:39:29,177 INFO org.apache.juli.logging.DirectJDKLog [main] OpenSSL successfully initialized [OpenSSL 1.1.1a  20 Nov 2018]
2019-09-06 05:39:29,525 INFO org.apache.juli.logging.DirectJDKLog [main] Initializing Spring embedded WebApplicationContext
2019-09-06 05:39:29,526 INFO org.springframework.boot.web.servlet.context.ServletWebServerApplicationContext [main] Root WebApplicationContext: initialization completed in 2534 ms
2019-09-06 05:39:29,950 INFO org.springframework.scheduling.concurrent.ExecutorConfigurationSupport [main] Initializing ExecutorService 'applicationTaskExecutor'
2019-09-06 05:39:30,053 INFO org.springframework.boot.autoconfigure.web.servlet.WelcomePageHandlerMapping [main] Adding welcome page: class path resource [static/index.html]
2019-09-06 05:39:30,177 INFO org.apache.juli.logging.DirectJDKLog [main] Starting ProtocolHandler ["http-nio-8080"]
2019-09-06 05:39:30,208 INFO org.springframework.boot.web.embedded.tomcat.TomcatWebServer [main] Tomcat started on port(s): 8080 (http) with context path ''
2019-09-06 05:39:30,212 INFO org.springframework.boot.StartupInfoLogger [main] Started MainappApplication in 4.027 seconds (JVM running for 5.074)
2019-09-06 05:39:33,495 INFO org.apache.juli.logging.DirectJDKLog [http-nio-8080-exec-1] Initializing Spring DispatcherServlet 'dispatcherServlet'
2019-09-06 05:39:33,496 INFO org.springframework.web.servlet.FrameworkServlet [http-nio-8080-exec-1] Initializing Servlet 'dispatcherServlet'
2019-09-06 05:39:33,504 INFO org.springframework.web.servlet.FrameworkServlet [http-nio-8080-exec-1] Completed initialization in 8 ms
2019-09-06 05:39:33,769 INFO org.hibernate.jpa.internal.util.LogHelper [http-nio-8080-exec-1] HHH000204: Processing PersistenceUnitInfo [name: CRM]
2019-09-06 05:39:33,870 INFO org.hibernate.Version [http-nio-8080-exec-1] HHH000412: Hibernate Core {5.4.4.Final}
2019-09-06 05:39:33,874 INFO org.hibernate.cfg.Environment [http-nio-8080-exec-1] HHH000205: Loaded properties from resource hibernate.properties: {hibernate.bytecode.use_reflection_optimizer=false}
2019-09-06 05:39:34,062 INFO org.hibernate.annotations.common.reflection.java.JavaReflectionManager [http-nio-8080-exec-1] HCANN000001: Hibernate Commons Annotations {5.1.0.Final}
2019-09-06 05:39:34,267 WARN org.hibernate.engine.jdbc.connections.internal.DriverManagerConnectionProviderImpl [http-nio-8080-exec-1] HHH10001002: Using Hibernate built-in connection pool (not for production use!)
2019-09-06 05:39:34,274 INFO org.hibernate.engine.jdbc.connections.internal.DriverManagerConnectionProviderImpl [http-nio-8080-exec-1] HHH10001005: using driver [org.postgresql.Driver] at URL [jdbc:postgresql://localhost:5432/employeedb]
2019-09-06 05:39:34,275 INFO org.hibernate.engine.jdbc.connections.internal.DriverManagerConnectionProviderImpl [http-nio-8080-exec-1] HHH10001001: Connection properties: {user=guest, password=****}
2019-09-06 05:39:34,276 INFO org.hibernate.engine.jdbc.connections.internal.DriverManagerConnectionProviderImpl [http-nio-8080-exec-1] HHH10001003: Autocommit mode: false
2019-09-06 05:39:34,281 INFO org.hibernate.engine.jdbc.connections.internal.DriverManagerConnectionProviderImpl$PooledConnections [http-nio-8080-exec-1] HHH000115: Hibernate connection pool size: 20 (min=1)
2019-09-06 05:39:34,489 INFO org.hibernate.dialect.Dialect [http-nio-8080-exec-1] HHH000400: Using dialect: org.hibernate.dialect.PostgresPlusDialect
2019-09-06 05:39:35,002 INFO org.hibernate.resource.beans.spi.ManagedBeanRegistryInitiator [http-nio-8080-exec-1] HHH10005002: No explicit CDI BeanManager reference was passed to Hibernate, but CDI is available on the Hibernate ClassLoader.
2019-09-06 05:39:35,661 INFO org.hibernate.resource.transaction.backend.jdbc.internal.DdlTransactionIsolatorNonJtaImpl [http-nio-8080-exec-1] HHH10001501: Connection obtained from JdbcConnectionAccess [org.hibernate.engine.jdbc.env.internal.JdbcEnvironmentInitiator$ConnectionProviderJdbcConnectionAccess@78e9cde7] for (non-JTA) DDL execution was not in auto-commit mode; the Connection 'local transaction' will be committed and the Connection will be set into auto-commit mode.
2019-09-06 05:39:35,761 INFO org.hibernate.engine.transaction.jta.platform.internal.JtaPlatformInitiator [http-nio-8080-exec-1] HHH000490: Using JtaPlatform implementation: [org.hibernate.engine.transaction.jta.platform.internal.NoJtaPlatform]
2019-09-06 05:39:41,338 INFO org.hibernate.jpa.internal.util.LogHelper [http-nio-8080-exec-4] HHH000204: Processing PersistenceUnitInfo [name: CRM]
2019-09-06 05:39:41,358 WARN org.hibernate.engine.jdbc.connections.internal.DriverManagerConnectionProviderImpl [http-nio-8080-exec-4] HHH10001002: Using Hibernate built-in connection pool (not for production use!)
2019-09-06 05:39:41,358 INFO org.hibernate.engine.jdbc.connections.internal.DriverManagerConnectionProviderImpl [http-nio-8080-exec-4] HHH10001005: using driver [org.postgresql.Driver] at URL [jdbc:postgresql://localhost:5432/employeedb]
2019-09-06 05:39:41,359 INFO org.hibernate.engine.jdbc.connections.internal.DriverManagerConnectionProviderImpl [http-nio-8080-exec-4] HHH10001001: Connection properties: {user=guest, password=****}
2019-09-06 05:39:41,359 INFO org.hibernate.engine.jdbc.connections.internal.DriverManagerConnectionProviderImpl [http-nio-8080-exec-4] HHH10001003: Autocommit mode: false
2019-09-06 05:39:41,359 INFO org.hibernate.engine.jdbc.connections.internal.DriverManagerConnectionProviderImpl$PooledConnections [http-nio-8080-exec-4] HHH000115: Hibernate connection pool size: 20 (min=1)
2019-09-06 05:39:41,416 INFO org.hibernate.dialect.Dialect [http-nio-8080-exec-4] HHH000400: Using dialect: org.hibernate.dialect.PostgresPlusDialect
2019-09-06 05:39:41,498 INFO org.hibernate.resource.beans.spi.ManagedBeanRegistryInitiator [http-nio-8080-exec-4] HHH10005002: No explicit CDI BeanManager reference was passed to Hibernate, but CDI is available on the Hibernate ClassLoader.
2019-09-06 05:39:41,529 INFO org.hibernate.resource.transaction.backend.jdbc.internal.DdlTransactionIsolatorNonJtaImpl [http-nio-8080-exec-4] HHH10001501: Connection obtained from JdbcConnectionAccess [org.hibernate.engine.jdbc.env.internal.JdbcEnvironmentInitiator$ConnectionProviderJdbcConnectionAccess@4c287bee] for (non-JTA) DDL execution was not in auto-commit mode; the Connection 'local transaction' will be committed and the Connection will be set into auto-commit mode.
2019-09-06 05:39:41,604 INFO org.hibernate.engine.transaction.jta.platform.internal.JtaPlatformInitiator [http-nio-8080-exec-4] HHH000490: Using JtaPlatform implementation: [org.hibernate.engine.transaction.jta.platform.internal.NoJtaPlatform]
2019-09-06 05:40:46,675 INFO org.springframework.scheduling.concurrent.ExecutorConfigurationSupport [Thread-10] Shutting down ExecutorService 'applicationTaskExecutor'
2019-09-06 05:40:46,824 INFO org.hibernate.engine.jdbc.connections.internal.DriverManagerConnectionProviderImpl$PoolState [Thread-10] HHH10001008: Cleaning up connection pool [jdbc:postgresql://localhost:5432/employeedb]
2019-09-06 05:40:46,827 INFO org.hibernate.engine.jdbc.connections.internal.DriverManagerConnectionProviderImpl$PoolState [Thread-10] HHH10001008: Cleaning up connection pool [jdbc:postgresql://localhost:5432/employeedb]
